Using pre-set license
Built from '2020.3/staging' branch; Version is '2020.3.11f1 (99c7afb366b3) revision 10078127'; Using compiler version '192528614'; Build Type 'Release'
OS: 'Windows 10 Home; OS build 19043.1288; Version 2009; 64bit' Language: 'ja' Physical Memory: 8066 MB
BatchMode: 1, IsHumanControllingUs: 0, StartBugReporterOnCrash: 0, Is64bit: 1, IsPro: 0

 COMMAND LINE ARGUMENTS:
C:\Program Files\Unity\Hub\Editor\2020.3.11f1\Editor\Unity.exe
-adb2
-batchMode
-noUpm
-name
AssetImportWorker0
-projectPath
D:/GraduationWork/GraduationWork
-logFile
Logs/AssetImportWorker0.log
-srvPort
59816
Successfully changed project path to: D:/GraduationWork/GraduationWork
D:/GraduationWork/GraduationWork
Using Asset Import Pipeline V2.
Refreshing native plugins compatible for Editor in 30.90 ms, found 2 plugins.
Preloading 0 native plugins for Editor in 0.00 ms.
Initialize engine version: 2020.3.11f1 (99c7afb366b3)
[Subsystems] Discovering subsystems at path C:/Program Files/Unity/Hub/Editor/2020.3.11f1/Editor/Data/Resources/UnitySubsystems
[Subsystems] Discovering subsystems at path D:/GraduationWork/GraduationWork/Assets
GfxDevice: creating device client; threaded=0
Direct3D:
    Version:  Direct3D 11.0 [level 11.1]
    Renderer: Intel(R) UHD Graphics 620 (ID=0x5917)
    Vendor:   
    VRAM:     4033 MB
    Driver:   23.20.16.4973
Initialize mono
Mono path[0] = 'C:/Program Files/Unity/Hub/Editor/2020.3.11f1/Editor/Data/Managed'
Mono path[1] = 'C:/Program Files/Unity/Hub/Editor/2020.3.11f1/Editor/Data/MonoBleedingEdge/lib/mono/unityjit'
Mono config path = 'C:/Program Files/Unity/Hub/Editor/2020.3.11f1/Editor/Data/MonoBleedingEdge/etc'
Using monoOptions --debugger-agent=transport=dt_socket,embedding=1,server=y,suspend=n,address=127.0.0.1:56988
Begin MonoManager ReloadAssembly
Registering precompiled unity dll's ...
Register platform support module: C:/Program Files/Unity/Hub/Editor/2020.3.11f1/Editor/Data/PlaybackEngines/WebGLSupport/UnityEditor.WebGL.Extensions.dll
Register platform support module: C:/Program Files/Unity/Hub/Editor/2020.3.11f1/Editor/Data/PlaybackEngines/WindowsStandaloneSupport/UnityEditor.WindowsStandalone.Extensions.dll
Registered in 0.002901 seconds.
Native extension for WindowsStandalone target not found
Native extension for WebGL target not found
Refreshing native plugins compatible for Editor in 28.66 ms, found 2 plugins.
Preloading 0 native plugins for Editor in 0.00 ms.
Mono: successfully reloaded assembly
- Completed reload, in  1.535 seconds
Platform modules already initialized, skipping
Registering precompiled user dll's ...
Registered in 0.003040 seconds.
Begin MonoManager ReloadAssembly
Native extension for WindowsStandalone target not found
Native extension for WebGL target not found
Refreshing native plugins compatible for Editor in 0.41 ms, found 2 plugins.
Preloading 0 native plugins for Editor in 0.00 ms.
Mono: successfully reloaded assembly
- Completed reload, in  1.886 seconds
Platform modules already initialized, skipping
========================================================================
Worker process is ready to serve import requests
Launched and connected shader compiler UnityShaderCompiler.exe after 0.06 seconds
Refreshing native plugins compatible for Editor in 0.31 ms, found 2 plugins.
Preloading 0 native plugins for Editor in 0.00 ms.
Unloading 1414 Unused Serialized files (Serialized files now loaded: 0)
System memory in use before: 69.3 MB.
System memory in use after: 69.4 MB.

Unloading 18 unused Assets to reduce memory usage. Loaded Objects now: 1850.
Total: 2.234300 ms (FindLiveObjects: 0.144900 ms CreateObjectMapping: 0.044000 ms MarkObjects: 1.976000 ms  DeleteObjects: 0.068500 ms)

========================================================================
Received Import Request.
  path: Assets/Material/PlayerHideUnlit.shader
  artifactKey: Guid(b1f3de3bb8662c249abf48bddddf8776) Importer(815301076,1909f56bfc062723c751e8b465ee728b)
Start importing Assets/Material/PlayerHideUnlit.shader using Guid(b1f3de3bb8662c249abf48bddddf8776) Importer(815301076,1909f56bfc062723c751e8b465ee728b)  -> (artifact id: '1abd489c98035f1f6361b968aaba5ce0') in 0.048145 seconds
  Import took 0.050784 seconds .

========================================================================
Received Import Request.
  Time since last request: 4958.427016 seconds.
  path: Assets/Material/PlayerHideUnlit.shader
  artifactKey: Guid(b1f3de3bb8662c249abf48bddddf8776) Importer(815301076,1909f56bfc062723c751e8b465ee728b)
Start importing Assets/Material/PlayerHideUnlit.shader using Guid(b1f3de3bb8662c249abf48bddddf8776) Importer(815301076,1909f56bfc062723c751e8b465ee728b)  -> (artifact id: '74e54940c7bbde2d76758c4325c8fe75') in 0.002584 seconds
  Import took 0.007664 seconds .

========================================================================
Received Import Request.
  Time since last request: 0.001081 seconds.
  path: Assets/Material/PlayerHideUnlit.shader
  artifactKey: Guid(b1f3de3bb8662c249abf48bddddf8776) Importer(815301076,1909f56bfc062723c751e8b465ee728b)
Start importing Assets/Material/PlayerHideUnlit.shader using Guid(b1f3de3bb8662c249abf48bddddf8776) Importer(815301076,1909f56bfc062723c751e8b465ee728b)  -> (artifact id: '74e54940c7bbde2d76758c4325c8fe75') in 0.005139 seconds
  Import took 0.007611 seconds .

========================================================================
Received Import Request.
  Time since last request: 28.775997 seconds.
  path: Assets/Material/PlayerHideUnlitMaterial.mat
  artifactKey: Guid(fb112a6ac8d376b42852b1c46de166a3) Importer(815301076,1909f56bfc062723c751e8b465ee728b)
Start importing Assets/Material/PlayerHideUnlitMaterial.mat using Guid(fb112a6ac8d376b42852b1c46de166a3) Importer(815301076,1909f56bfc062723c751e8b465ee728b)  -> (artifact id: '77aeb6333c15cd0357c6c4ec715b4f91') in 0.136419 seconds
  Import took 0.139469 seconds .

========================================================================
Received Prepare
Registering precompiled user dll's ...
Registered in 0.002954 seconds.
Begin MonoManager ReloadAssembly
Native extension for WindowsStandalone target not found
Native extension for WebGL target not found
Refreshing native plugins compatible for Editor in 0.36 ms, found 2 plugins.
Preloading 0 native plugins for Editor in 0.00 ms.
Mono: successfully reloaded assembly
- Completed reload, in  1.105 seconds
Platform modules already initialized, skipping
Refreshing native plugins compatible for Editor in 0.33 ms, found 2 plugins.
Preloading 0 native plugins for Editor in 0.00 ms.
Unloading 1407 Unused Serialized files (Serialized files now loaded: 0)
System memory in use before: 72.4 MB.
System memory in use after: 72.5 MB.

Unloading 13 unused Assets to reduce memory usage. Loaded Objects now: 1893.
Total: 2.220900 ms (FindLiveObjects: 0.174600 ms CreateObjectMapping: 0.043300 ms MarkObjects: 1.981500 ms  DeleteObjects: 0.020400 ms)

AssetImportWorkerClient::OnTransportError - code=2 error=End of file
