Using pre-set license
Built from '2020.3/staging' branch; Version is '2020.3.11f1 (99c7afb366b3) revision 10078127'; Using compiler version '192528614'; Build Type 'Release'
OS: 'Windows 10 Home; OS build 19043.1466; Version 2009; 64bit' Language: 'ja' Physical Memory: 8133 MB
BatchMode: 1, IsHumanControllingUs: 0, StartBugReporterOnCrash: 0, Is64bit: 1, IsPro: 0

 COMMAND LINE ARGUMENTS:
C:\Program Files\Unity\Hub\Editor\2020.3.11f1\Editor\Unity.exe
-adb2
-batchMode
-noUpm
-name
AssetImportWorker0
-projectPath
C:/Users/K018A1924/Desktop/last/GraduationWork
-logFile
Logs/AssetImportWorker0.log
-srvPort
52456
Successfully changed project path to: C:/Users/K018A1924/Desktop/last/GraduationWork
C:/Users/K018A1924/Desktop/last/GraduationWork
Using Asset Import Pipeline V2.
Refreshing native plugins compatible for Editor in 36.56 ms, found 2 plugins.
Preloading 0 native plugins for Editor in 0.00 ms.
Initialize engine version: 2020.3.11f1 (99c7afb366b3)
[Subsystems] Discovering subsystems at path C:/Program Files/Unity/Hub/Editor/2020.3.11f1/Editor/Data/Resources/UnitySubsystems
[Subsystems] Discovering subsystems at path C:/Users/K018A1924/Desktop/last/GraduationWork/Assets
GfxDevice: creating device client; threaded=0
Direct3D:
    Version:  Direct3D 11.0 [level 11.1]
    Renderer: NVIDIA GeForce GTX 1060 (ID=0x1c20)
    Vendor:   
    VRAM:     6052 MB
    Driver:   26.21.14.3615
Initialize mono
Mono path[0] = 'C:/Program Files/Unity/Hub/Editor/2020.3.11f1/Editor/Data/Managed'
Mono path[1] = 'C:/Program Files/Unity/Hub/Editor/2020.3.11f1/Editor/Data/MonoBleedingEdge/lib/mono/unityjit'
Mono config path = 'C:/Program Files/Unity/Hub/Editor/2020.3.11f1/Editor/Data/MonoBleedingEdge/etc'
Using monoOptions --debugger-agent=transport=dt_socket,embedding=1,server=y,suspend=n,address=127.0.0.1:56588
Begin MonoManager ReloadAssembly
Registering precompiled unity dll's ...
Register platform support module: C:/Program Files/Unity/Hub/Editor/2020.3.11f1/Editor/Data/PlaybackEngines/WebGLSupport/UnityEditor.WebGL.Extensions.dll
Register platform support module: C:/Program Files/Unity/Hub/Editor/2020.3.11f1/Editor/Data/PlaybackEngines/MacStandaloneSupport/UnityEditor.OSXStandalone.Extensions.dll
Register platform support module: C:/Program Files/Unity/Hub/Editor/2020.3.11f1/Editor/Data/PlaybackEngines/WindowsStandaloneSupport/UnityEditor.WindowsStandalone.Extensions.dll
Register platform support module: C:/Program Files/Unity/Hub/Editor/2020.3.11f1/Editor/Data/PlaybackEngines/LinuxStandaloneSupport/UnityEditor.LinuxStandalone.Extensions.dll
Register platform support module: C:/Program Files/Unity/Hub/Editor/2020.3.11f1/Editor/Data/PlaybackEngines/LuminSupport/UnityEditor.Lumin.Extensions.dll
Registered in 0.005822 seconds.
Native extension for Lumin target not found
Native extension for LinuxStandalone target not found
Native extension for WindowsStandalone target not found
Native extension for OSXStandalone target not found
Native extension for WebGL target not found
Refreshing native plugins compatible for Editor in 29.77 ms, found 2 plugins.
Preloading 0 native plugins for Editor in 0.00 ms.
Mono: successfully reloaded assembly
- Completed reload, in  2.648 seconds
Platform modules already initialized, skipping
Registering precompiled user dll's ...
Registered in 0.007517 seconds.
Begin MonoManager ReloadAssembly
Native extension for Lumin target not found
Native extension for LinuxStandalone target not found
Native extension for WindowsStandalone target not found
Native extension for OSXStandalone target not found
Native extension for WebGL target not found
Refreshing native plugins compatible for Editor in 0.32 ms, found 2 plugins.
Preloading 0 native plugins for Editor in 0.00 ms.
Mono: successfully reloaded assembly
- Completed reload, in  1.377 seconds
Platform modules already initialized, skipping
========================================================================
Worker process is ready to serve import requests
Launched and connected shader compiler UnityShaderCompiler.exe after 0.10 seconds
Refreshing native plugins compatible for Editor in 0.42 ms, found 2 plugins.
Preloading 0 native plugins for Editor in 0.00 ms.
Unloading 1433 Unused Serialized files (Serialized files now loaded: 0)
System memory in use before: 69.8 MB.
System memory in use after: 69.9 MB.

Unloading 18 unused Assets to reduce memory usage. Loaded Objects now: 1872.
Total: 2.092900 ms (FindLiveObjects: 0.165400 ms CreateObjectMapping: 0.052500 ms MarkObjects: 1.791200 ms  DeleteObjects: 0.082500 ms)

========================================================================
Received Import Request.
  path: Assets/Scenes/map.unity
  artifactKey: Guid(c300c94eaba31764d8b57a7a93b424c4) Importer(815301076,1909f56bfc062723c751e8b465ee728b)
Start importing Assets/Scenes/map.unity using Guid(c300c94eaba31764d8b57a7a93b424c4) Importer(815301076,1909f56bfc062723c751e8b465ee728b)  -> (artifact id: '6bec6ff7aac950adb69fb3efc81c4055') in 0.035887 seconds
  Import took 0.044764 seconds .

========================================================================
Received Import Request.
  Time since last request: 205.323597 seconds.
  path: Assets/Scenes/map2.unity
  artifactKey: Guid(ca0183de318ae4d4199dab4910fbeaba) Importer(815301076,1909f56bfc062723c751e8b465ee728b)
Start importing Assets/Scenes/map2.unity using Guid(ca0183de318ae4d4199dab4910fbeaba) Importer(815301076,1909f56bfc062723c751e8b465ee728b)  -> (artifact id: '5c6ecadb779cc014545dc29ba2ef2a57') in 0.004235 seconds
  Import took 0.008576 seconds .

========================================================================
Received Import Request.
  Time since last request: 0.007008 seconds.
  path: Assets/Scenes/map2.unity
  artifactKey: Guid(ca0183de318ae4d4199dab4910fbeaba) Importer(815301076,1909f56bfc062723c751e8b465ee728b)
Start importing Assets/Scenes/map2.unity using Guid(ca0183de318ae4d4199dab4910fbeaba) Importer(815301076,1909f56bfc062723c751e8b465ee728b)  -> (artifact id: '5c6ecadb779cc014545dc29ba2ef2a57') in 0.003315 seconds
  Import took 0.006963 seconds .

========================================================================
Received Import Request.
  Time since last request: 58.199771 seconds.
  path: Assets/Title
  artifactKey: Guid(0a693ff6add968645b4c5defb2600301) Importer(815301076,1909f56bfc062723c751e8b465ee728b)
Start importing Assets/Title using Guid(0a693ff6add968645b4c5defb2600301) Importer(815301076,1909f56bfc062723c751e8b465ee728b)  -> (artifact id: '52bf0a16d0f36a15450b24bf4b12dd9b') in 0.005079 seconds
  Import took 0.008505 seconds .

========================================================================
Received Import Request.
  Time since last request: 0.597154 seconds.
  path: Assets/Script_Player
  artifactKey: Guid(bbd7c76ae13d75c4286e94907fa69429) Importer(815301076,1909f56bfc062723c751e8b465ee728b)
Start importing Assets/Script_Player using Guid(bbd7c76ae13d75c4286e94907fa69429) Importer(815301076,1909f56bfc062723c751e8b465ee728b)  -> (artifact id: 'f507db6f175333e98da645ecd8cfe189') in 0.003752 seconds
  Import took 0.008921 seconds .

========================================================================
Received Import Request.
  Time since last request: 0.607074 seconds.
  path: Assets/Script_Enemy
  artifactKey: Guid(1dd25e1e6e7503f4d81b11303b1a8bf3) Importer(815301076,1909f56bfc062723c751e8b465ee728b)
Start importing Assets/Script_Enemy using Guid(1dd25e1e6e7503f4d81b11303b1a8bf3) Importer(815301076,1909f56bfc062723c751e8b465ee728b)  -> (artifact id: '954c7a34cf648f827675f24fb4993eba') in 0.003869 seconds
  Import took 0.008406 seconds .

========================================================================
Received Import Request.
  Time since last request: 0.531662 seconds.
  path: Assets/Script
  artifactKey: Guid(48af794c6eae4e14db8c9dde807220ce) Importer(815301076,1909f56bfc062723c751e8b465ee728b)
Start importing Assets/Script using Guid(48af794c6eae4e14db8c9dde807220ce) Importer(815301076,1909f56bfc062723c751e8b465ee728b)  -> (artifact id: '6559c7fd276ee032a35e9cb60c7b1913') in 0.004274 seconds
  Import took 0.008100 seconds .

========================================================================
Received Import Request.
  Time since last request: 1.224546 seconds.
  path: Assets/Prefab
  artifactKey: Guid(91cbe20f8157fa6479fd4be22c459ccd) Importer(815301076,1909f56bfc062723c751e8b465ee728b)
Start importing Assets/Prefab using Guid(91cbe20f8157fa6479fd4be22c459ccd) Importer(815301076,1909f56bfc062723c751e8b465ee728b)  -> (artifact id: '1301bab5c3621d1477d6a1850d08cf96') in 0.004079 seconds
  Import took 0.218630 seconds .

========================================================================
Received Import Request.
  Time since last request: 0.398978 seconds.
  path: Assets/Prefab/WallSet.prefab
  artifactKey: Guid(907a974fd638361449b392bd2a285e75) Importer(815301076,1909f56bfc062723c751e8b465ee728b)
Start importing Assets/Prefab/WallSet.prefab using Guid(907a974fd638361449b392bd2a285e75) Importer(815301076,1909f56bfc062723c751e8b465ee728b)  -> (artifact id: 'cab08190b6bd9fe38584bc7375a550b3') in 0.128996 seconds
  Import took 0.132823 seconds .

========================================================================
Received Import Request.
  Time since last request: 19.590883 seconds.
  path: Assets/Particles
  artifactKey: Guid(2c93a8a6938da834287bb8fd3928c902) Importer(815301076,1909f56bfc062723c751e8b465ee728b)
Start importing Assets/Particles using Guid(2c93a8a6938da834287bb8fd3928c902) Importer(815301076,1909f56bfc062723c751e8b465ee728b)  -> (artifact id: '351aaea7a03e38cad55e2009c874c985') in 0.004605 seconds
  Import took 0.009226 seconds .

========================================================================
Received Import Request.
  Time since last request: 2.237513 seconds.
  path: Assets/Models
  artifactKey: Guid(7316b86c29a680f4f8034c7318730595) Importer(815301076,1909f56bfc062723c751e8b465ee728b)
Start importing Assets/Models using Guid(7316b86c29a680f4f8034c7318730595) Importer(815301076,1909f56bfc062723c751e8b465ee728b)  -> (artifact id: '02a39284c0cb01463185bb2cb3c098ff') in 0.004430 seconds
  Import took 0.008495 seconds .

========================================================================
Received Import Request.
  Time since last request: 2.015207 seconds.
  path: Assets/Material
  artifactKey: Guid(aa0c71fa7b34fd1489067c50a703679c) Importer(815301076,1909f56bfc062723c751e8b465ee728b)
Start importing Assets/Material using Guid(aa0c71fa7b34fd1489067c50a703679c) Importer(815301076,1909f56bfc062723c751e8b465ee728b)  -> (artifact id: '875b26a2b7a2de711e03c2f5553e2612') in 0.004473 seconds
  Import took 0.007834 seconds .

========================================================================
Received Import Request.
  Time since last request: 5.035786 seconds.
  path: Assets/Gimmick
  artifactKey: Guid(acf3f0f3b001a134bb4e1aca81271f6f) Importer(815301076,1909f56bfc062723c751e8b465ee728b)
Start importing Assets/Gimmick using Guid(acf3f0f3b001a134bb4e1aca81271f6f) Importer(815301076,1909f56bfc062723c751e8b465ee728b)  -> (artifact id: '853e11032fb58678c596a95796338115') in 0.004583 seconds
  Import took 0.007851 seconds .

========================================================================
Received Import Request.
  Time since last request: 1.791635 seconds.
  path: Assets/Animation
  artifactKey: Guid(19c07ccc1ab0dbf4a819b54f76f692b3) Importer(815301076,1909f56bfc062723c751e8b465ee728b)
Start importing Assets/Animation using Guid(19c07ccc1ab0dbf4a819b54f76f692b3) Importer(815301076,1909f56bfc062723c751e8b465ee728b)  -> (artifact id: '125d5bef2f24d780bda49ba715d06ed0') in 0.004067 seconds
  Import took 0.007681 seconds .

========================================================================
Received Import Request.
  Time since last request: 1639.314130 seconds.
  path: Assets/Prefab/kabe.fbx
  artifactKey: Guid(8fe48caf46ac9714a9664f66897bb2bc) Importer(815301076,1909f56bfc062723c751e8b465ee728b)
Start importing Assets/Prefab/kabe.fbx using Guid(8fe48caf46ac9714a9664f66897bb2bc) Importer(815301076,1909f56bfc062723c751e8b465ee728b)  -> (artifact id: '0439171c5ae6d8c42246e203003da317') in 0.124931 seconds
  Import took 0.129217 seconds .

========================================================================
Received Import Request.
  Time since last request: 4.469229 seconds.
  path: Assets/Prefab/hasira.fbx
  artifactKey: Guid(d7c71f858769e50439f0604dad285af1) Importer(815301076,1909f56bfc062723c751e8b465ee728b)
Start importing Assets/Prefab/hasira.fbx using Guid(d7c71f858769e50439f0604dad285af1) Importer(815301076,1909f56bfc062723c751e8b465ee728b)  -> (artifact id: '36f6ad0966f1c112d919a638dab23079') in 0.037007 seconds
  Import took 0.041465 seconds .

========================================================================
Received Import Request.
  Time since last request: 569.272639 seconds.
  path: Assets/Prefab/hasira (1).fbx
  artifactKey: Guid(1328dfd41d99ffb45bffc9b5b76f56d3) Importer(815301076,1909f56bfc062723c751e8b465ee728b)
Start importing Assets/Prefab/hasira (1).fbx using Guid(1328dfd41d99ffb45bffc9b5b76f56d3) Importer(815301076,1909f56bfc062723c751e8b465ee728b)  -> (artifact id: 'd8c58c315c428cc7272d4fcaacd4100e') in 0.024351 seconds
  Import took 0.028328 seconds .

========================================================================
Received Import Request.
  Time since last request: 0.002820 seconds.
  path: Assets/Prefab/hasira (1).fbx
  artifactKey: Guid(1328dfd41d99ffb45bffc9b5b76f56d3) Importer(815301076,1909f56bfc062723c751e8b465ee728b)
Start importing Assets/Prefab/hasira (1).fbx using Guid(1328dfd41d99ffb45bffc9b5b76f56d3) Importer(815301076,1909f56bfc062723c751e8b465ee728b)  -> (artifact id: 'd8c58c315c428cc7272d4fcaacd4100e') in 0.026560 seconds
  Import took 0.044012 seconds .

========================================================================
Received Import Request.
  Time since last request: 1451.023297 seconds.
  path: Assets/Prefab/sankakufbx.fbx
  artifactKey: Guid(a9dd5ca0a6eb6954ca96676b74b47428) Importer(815301076,1909f56bfc062723c751e8b465ee728b)
Start importing Assets/Prefab/sankakufbx.fbx using Guid(a9dd5ca0a6eb6954ca96676b74b47428) Importer(815301076,1909f56bfc062723c751e8b465ee728b)  -> (artifact id: 'c764bd1ae0cf4a5c18e5126f24916cee') in 0.034095 seconds
  Import took 0.037720 seconds .

